{
  "Cucumber Features": {
    "coverage": {
      "/Users/SuqianWang/Documents/GitHub/CSCE-431/ruby-on-rails/hw3-acceptance-unit-test-cycle/rottenpotatoes/app/models/movie.rb": [
        1,
        1,
        10,
        null,
        null,
        1,
        1,
        null,
        null
      ],
      "/Users/SuqianWang/Documents/GitHub/CSCE-431/ruby-on-rails/hw3-acceptance-unit-test-cycle/rottenpotatoes/app/controllers/movies_controller.rb": [
        1,
        null,
        1,
        2,
        null,
        null,
        1,
        4,
        4,
        null,
        null,
        null,
        1,
        10,
        10,
        null,
        2,
        null,
        2,
        null,
        10,
        10,
        null,
        10,
        36,
        null,
        null,
        10,
        2,
        2,
        2,
        null,
        8,
        null,
        null,
        1,
        null,
        null,
        null,
        1,
        1,
        1,
        1,
        null,
        null,
        1,
        1,
        null,
        null,
        1,
        1,
        1,
        1,
        1,
        null,
        null,
        1,
        1,
        1,
        1,
        1,
        null,
        null,
        1,
        2,
        2,
        1,
        1,
        null,
        1,
        null,
        null,
        null,
        null
      ],
      "/Users/SuqianWang/Documents/GitHub/CSCE-431/ruby-on-rails/hw3-acceptance-unit-test-cycle/rottenpotatoes/app/controllers/application_controller.rb": [
        1,
        1,
        null
      ],
      "/Users/SuqianWang/Documents/GitHub/CSCE-431/ruby-on-rails/hw3-acceptance-unit-test-cycle/rottenpotatoes/app/helpers/application_helper.rb": [
        1,
        null
      ],
      "/Users/SuqianWang/Documents/GitHub/CSCE-431/ruby-on-rails/hw3-acceptance-unit-test-cycle/rottenpotatoes/app/helpers/movies_helper.rb": [
        1,
        null,
        1,
        40,
        null,
        null
      ]
    },
    "timestamp": 1553720062
  },
  "RSpec": {
    "coverage": {
      "/Users/SuqianWang/Documents/GitHub/CSCE-431/ruby-on-rails/hw3-acceptance-unit-test-cycle/rottenpotatoes/app/helpers/application_helper.rb": [
        1,
        null
      ],
      "/Users/SuqianWang/Documents/GitHub/CSCE-431/ruby-on-rails/hw3-acceptance-unit-test-cycle/rottenpotatoes/app/helpers/movies_helper.rb": [
        1,
        null,
        1,
        1,
        null,
        null
      ],
      "/Users/SuqianWang/Documents/GitHub/CSCE-431/ruby-on-rails/hw3-acceptance-unit-test-cycle/rottenpotatoes/app/controllers/movies_controller.rb": [
        1,
        null,
        1,
        32,
        null,
        null,
        1,
        1,
        1,
        null,
        null,
        null,
        1,
        5,
        5,
        null,
        3,
        null,
        2,
        null,
        5,
        5,
        null,
        5,
        6,
        null,
        null,
        5,
        3,
        3,
        3,
        null,
        2,
        null,
        null,
        1,
        null,
        null,
        null,
        1,
        31,
        31,
        31,
        null,
        null,
        1,
        1,
        null,
        null,
        1,
        1,
        1,
        1,
        1,
        null,
        null,
        1,
        1,
        1,
        1,
        1,
        null,
        null,
        1,
        2,
        2,
        1,
        1,
        null,
        1,
        null,
        null,
        null,
        null
      ],
      "/Users/SuqianWang/Documents/GitHub/CSCE-431/ruby-on-rails/hw3-acceptance-unit-test-cycle/rottenpotatoes/app/controllers/application_controller.rb": [
        1,
        1,
        null
      ],
      "/Users/SuqianWang/Documents/GitHub/CSCE-431/ruby-on-rails/hw3-acceptance-unit-test-cycle/rottenpotatoes/app/models/movie.rb": [
        1,
        1,
        5,
        null,
        null,
        1,
        3,
        null,
        null
      ]
    },
    "timestamp": 1553720076
  }
}
